<?xml version="1.0" encoding="UTF-8"?>
<!-- Generated by org.testng.reporters.JUnitReportReporter -->
<testsuite skipped="0" hostname="Shreyas-MacBook-Pro-2.local" name="com.tests.SearchPageTest" tests="2" failures="0" timestamp="2020-02-16T14:26:12 IST" time="18.699" errors="0">
  <testcase name="validateTitleTest" time="5.378" classname="com.tests.SearchPageTest"/>
  <testcase name="enterCountryNameTest" time="13.321" classname="com.tests.SearchPageTest"/>
</testsuite> <!-- com.tests.SearchPageTest -->
